-------------------------------------------------------------------------------
Test set: com.mycompany.app.HelloTest
-------------------------------------------------------------------------------
Tests run: 2, Failures: 1, Errors: 0, Skipped: 0, Time elapsed: 0.003 s <<< FAILURE! - in com.mycompany.app.HelloTest
testTwo(com.mycompany.app.HelloTest)  Time elapsed: 0.001 s  <<< FAILURE!
java.lang.AssertionError
	at com.mycompany.app.HelloTest.testTwo(HelloTest.java:18)

